<?xml version="1.0" encoding="UTF-8" ?>
<testsuite failures="0" time="0.006" errors="0" skipped="0" tests="1" name="com.mboots.com.init.TestSingleContextListener">
  <properties>
    <property name="java.runtime.name" value="Java(TM) SE Runtime Environment"/>
    <property name="sun.boot.library.path" value="D:\Java\jdk1.7.0_21\jre\bin"/>
    <property name="java.vm.version" value="23.21-b01"/>
    <property name="java.vm.vendor" value="Oracle Corporation"/>
    <property name="java.vendor.url" value="http://java.oracle.com/"/>
    <property name="path.separator" value=";"/>
    <property name="guice.disable.misplaced.annotation.check" value="true"/>
    <property name="java.vm.name" value="Java HotSpot(TM) Client VM"/>
    <property name="file.encoding.pkg" value="sun.io"/>
    <property name="user.script" value=""/>
    <property name="user.country" value="CN"/>
    <property name="sun.java.launcher" value="SUN_STANDARD"/>
    <property name="sun.os.patch.level" value="Service Pack 1"/>
    <property name="java.vm.specification.name" value="Java Virtual Machine Specification"/>
    <property name="user.dir" value="D:\my work\mboots"/>
    <property name="java.runtime.version" value="1.7.0_21-b11"/>
    <property name="java.awt.graphicsenv" value="sun.awt.Win32GraphicsEnvironment"/>
    <property name="java.endorsed.dirs" value="D:\Java\jdk1.7.0_21\jre\lib\endorsed"/>
    <property name="os.arch" value="x86"/>
    <property name="java.io.tmpdir" value="C:\Users\ADMINI~1\AppData\Local\Temp\"/>
    <property name="line.separator" value="
"/>
    <property name="java.vm.specification.vendor" value="Oracle Corporation"/>
    <property name="user.variant" value=""/>
    <property name="os.name" value="Windows 7"/>
    <property name="classworlds.conf" value="D:\my work\.metadata\.plugins\org.eclipse.m2e.launching\launches\m2conf8485535630234505407.tmp"/>
    <property name="sun.jnu.encoding" value="GBK"/>
    <property name="java.library.path" value="D:\Java\jdk1.7.0_21\bin;C:\Windows\Sun\Java\bin;C:\Windows\system32;C:\Windows;C:/Program Files/Java/jre1.8.0_40/bin/client;C:/Program Files/Java/jre1.8.0_40/bin;C:/Program Files/Java/jre1.8.0_40/lib/i386;C:\ProgramData\Oracle\Java\javapath;C:\Windows\system32;C:\Windows;C:\Windows\System32\Wbem;C:\Windows\System32\WindowsPowerShell\v1.0\;D:\Program Files\Microsoft SQL Server\100\Tools\Binn\;D:\Program Files\Microsoft SQL Server\100\DTS\Binn\;D:\Program Files\Microsoft SQL Server\100\Tools\Binn\VSShell\Common7\IDE\;D:\Program Files\TortoiseSVN\bin;D:\Java\jdk1.7.0_21\bin;D:\Java\jdk1.7.0_21\jre\bin;E:\cygwin\usr;E:\cygwin\bin;D:\Python33;F:\documents\apache-ant-1.9.0-bin\apache-ant-1.9.0/bin;E:\adt-bundle-windows-x86-20140321\sdk/platform-tools;E:\adt-bundle-windows-x86-20140321\sdk/tools;E:\adt-bundle-windows-x86-20140321\sdk/build-tools/android-4.4.2;E:\apache-maven-3.2.2\bin;D:\Program Files\nodejs\;E:\apache-jmeter-2.12\bin;C:\Users\Administrator\AppData\Roaming\npm;C:\Users\Administrator\AppData\Roaming\npm;C:\Users\Administrator\AppData\Roaming\npm;D:\Program Files\mongodb\bin;C:\Users\Administrator\AppData\Roaming\npm;E:\eclipse;;."/>
    <property name="java.specification.name" value="Java Platform API Specification"/>
    <property name="java.class.version" value="51.0"/>
    <property name="sun.management.compiler" value="HotSpot Client Compiler"/>
    <property name="os.version" value="6.1"/>
    <property name="user.home" value="C:\Users\Administrator"/>
    <property name="user.timezone" value="Asia/Shanghai"/>
    <property name="java.awt.printerjob" value="sun.awt.windows.WPrinterJob"/>
    <property name="java.specification.version" value="1.7"/>
    <property name="file.encoding" value="UTF-8"/>
    <property name="user.name" value="Administrator"/>
    <property name="java.class.path" value="/E:/eclipse/plugins/org.eclipse.m2e.maven.runtime_1.5.1.20150109-1819/jars/plexus-classworlds-2.5.1.jar"/>
    <property name="org.slf4j.simpleLogger.defaultLogLevel" value="info"/>
    <property name="java.vm.specification.version" value="1.7"/>
    <property name="sun.arch.data.model" value="32"/>
    <property name="java.home" value="D:\Java\jdk1.7.0_21\jre"/>
    <property name="sun.java.command" value="org.codehaus.plexus.classworlds.launcher.Launcher -B package"/>
    <property name="java.specification.vendor" value="Oracle Corporation"/>
    <property name="user.language" value="zh"/>
    <property name="awt.toolkit" value="sun.awt.windows.WToolkit"/>
    <property name="java.vm.info" value="mixed mode, sharing"/>
    <property name="java.version" value="1.7.0_21"/>
    <property name="java.ext.dirs" value="D:\Java\jdk1.7.0_21\jre\lib\ext;C:\Windows\Sun\Java\lib\ext"/>
    <property name="sun.boot.class.path" value="D:\Java\jdk1.7.0_21\jre\lib\resources.jar;D:\Java\jdk1.7.0_21\jre\lib\rt.jar;D:\Java\jdk1.7.0_21\jre\lib\sunrsasign.jar;D:\Java\jdk1.7.0_21\jre\lib\jsse.jar;D:\Java\jdk1.7.0_21\jre\lib\jce.jar;D:\Java\jdk1.7.0_21\jre\lib\charsets.jar;D:\Java\jdk1.7.0_21\jre\lib\jfr.jar;D:\Java\jdk1.7.0_21\jre\classes"/>
    <property name="java.vendor" value="Oracle Corporation"/>
    <property name="maven.home" value="D:\my work\mboots\EMBEDDED"/>
    <property name="file.separator" value="\"/>
    <property name="java.vendor.url.bug" value="http://bugreport.sun.com/bugreport/"/>
    <property name="sun.cpu.endian" value="little"/>
    <property name="sun.io.unicode.encoding" value="UnicodeLittle"/>
    <property name="sun.desktop" value="windows"/>
    <property name="sun.cpu.isalist" value="pentium_pro+mmx pentium_pro pentium+mmx pentium i486 i386 i86"/>
  </properties>
  <testcase time="0.006" classname="com.mboots.com.init.TestSingleContextListener" name="main"/>
</testsuite>